Connecting to database specified by database.yml
Connecting to database specified by database.yml


Started GET "/" for 127.0.0.1 at 2013-10-06 12:50:07 -0700

ActionController::RoutingError (uninitialized constant ApplicationController::Base):
  app/controllers/home_controller.rb:1:in `<top (required)>'


  Rendered /usr/local/rvm/gems/ruby-1.9.3-p194/gems/actionpack-3.2.13/lib/action_dispatch/middleware/templates/rescues/routing_error.erb within rescues/layout (3.3ms)


Started GET "/" for 127.0.0.1 at 2013-10-06 12:50:21 -0700
Processing by HomeController#index as HTML
  Rendered home/index.html.erb within layouts/application (0.5ms)
Compiled application.css  (0ms)  (pid 49426)
Compiled jquery.js  (4ms)  (pid 49426)
Compiled jquery_ujs.js  (0ms)  (pid 49426)
Compiled application.js  (34ms)  (pid 49426)
Completed 200 OK in 153ms (Views: 152.4ms | ActiveRecord: 0.0ms)


Started GET "/assets/jquery_ujs.js?body=1" for 127.0.0.1 at 2013-10-06 12:50:21 -0700
Served asset /jquery_ujs.js - 304 Not Modified (10ms)


Started GET "/assets/jquery.js?body=1" for 127.0.0.1 at 2013-10-06 12:50:21 -0700
Served asset /jquery.js - 304 Not Modified (3ms)


Started GET "/assets/application.css?body=1" for 127.0.0.1 at 2013-10-06 12:50:21 -0700
Served asset /application.css - 200 OK (2ms)


Started GET "/assets/application.js?body=1" for 127.0.0.1 at 2013-10-06 12:50:21 -0700
Served asset /application.js - 200 OK (6ms)


Started GET "/" for 127.0.0.1 at 2013-10-06 12:51:07 -0700
Processing by HomeController#index as HTML
  Rendered home/index.html.erb within layouts/application (0.1ms)
Completed 200 OK in 4ms (Views: 3.5ms | ActiveRecord: 0.0ms)


Started GET "/assets/jquery.js?body=1" for 127.0.0.1 at 2013-10-06 12:51:07 -0700
Served asset /jquery.js - 304 Not Modified (0ms)


Started GET "/assets/jquery_ujs.js?body=1" for 127.0.0.1 at 2013-10-06 12:51:07 -0700
Served asset /jquery_ujs.js - 304 Not Modified (0ms)


Started GET "/assets/application.css?body=1" for 127.0.0.1 at 2013-10-06 12:51:07 -0700
Served asset /application.css - 304 Not Modified (0ms)


Started GET "/assets/application.js?body=1" for 127.0.0.1 at 2013-10-06 12:51:07 -0700
Served asset /application.js - 304 Not Modified (0ms)
Connecting to database specified by database.yml
Connecting to database specified by database.yml
  [1m[36m (2.8ms)[0m  [1mCREATE TABLE "schema_migrations" ("version" character varying(255) NOT NULL) [0m
  [1m[35m (1.4ms)[0m  CREATE UNIQUE INDEX "unique_schema_migrations" ON "schema_migrations" ("version")
  [1m[36m (0.3ms)[0m  [1mSELECT "schema_migrations"."version" FROM "schema_migrations" [0m
Migrating to Users (20131006195204)
  [1m[35m (0.1ms)[0m  BEGIN
  [1m[36m (0.1ms)[0m  [1mROLLBACK[0m


Started GET "/" for 127.0.0.1 at 2013-10-06 12:54:51 -0700
Processing by HomeController#index as HTML
  Rendered home/index.html.erb within layouts/application (11.2ms)
Completed 500 Internal Server Error in 14ms

ActionView::Template::Error (undefined local variable or method `login_path' for #<#<Class:0x007fb3d5789200>:0x007fb3d5aadc10>):
    1: <h1>Caitlin's Tax App</h1>
    2: 
    3: <p>Sign in!</p>
    4: <%= form_for @user, url: login_path, :html => { :id => "login" } do |f| %>
    5:   <% if flash[:errors] %>
    6:     <p class="flash-notice"><%= flash[:errors] %></p>
    7:   <% end %>
  app/views/home/index.html.erb:4:in `_app_views_home_index_html_erb___3271450147960064411_70205180304460'


  Rendered /usr/local/rvm/gems/ruby-1.9.3-p194/gems/actionpack-3.2.13/lib/action_dispatch/middleware/templates/rescues/_trace.erb (3.1ms)
  Rendered /usr/local/rvm/gems/ruby-1.9.3-p194/gems/actionpack-3.2.13/lib/action_dispatch/middleware/templates/rescues/_request_and_response.erb (2.2ms)
  Rendered /usr/local/rvm/gems/ruby-1.9.3-p194/gems/actionpack-3.2.13/lib/action_dispatch/middleware/templates/rescues/template_error.erb within rescues/layout (17.0ms)
Connecting to database specified by database.yml


Started GET "/" for 127.0.0.1 at 2013-10-06 12:56:27 -0700
Processing by HomeController#index as HTML
  Rendered home/index.html.erb within layouts/application (1.9ms)
Completed 500 Internal Server Error in 4ms

ActionController::RoutingError (No route matches {:action=>"show", :controller=>"users"}):
  app/views/home/index.html.erb:4:in `_app_views_home_index_html_erb___3271450147960064411_70205202064780'


  Rendered /usr/local/rvm/gems/ruby-1.9.3-p194/gems/actionpack-3.2.13/lib/action_dispatch/middleware/templates/rescues/routing_error.erb within rescues/layout (0.7ms)


Started GET "/" for 127.0.0.1 at 2013-10-06 12:57:18 -0700
Processing by HomeController#index as HTML
  Rendered home/index.html.erb within layouts/application (1.9ms)
Completed 500 Internal Server Error in 6ms

ActionController::RoutingError (No route matches {:action=>"show", :controller=>"users"}):
  app/views/home/index.html.erb:4:in `_app_views_home_index_html_erb___3271450147960064411_70205202064780'


  Rendered /usr/local/rvm/gems/ruby-1.9.3-p194/gems/actionpack-3.2.13/lib/action_dispatch/middleware/templates/rescues/routing_error.erb within rescues/layout (1.4ms)


Started GET "/" for 127.0.0.1 at 2013-10-06 12:57:20 -0700
Processing by HomeController#index as HTML
  Rendered home/index.html.erb within layouts/application (1.0ms)
Completed 500 Internal Server Error in 3ms

ActionController::RoutingError (No route matches {:action=>"show", :controller=>"users"}):
  app/views/home/index.html.erb:4:in `_app_views_home_index_html_erb___3271450147960064411_70205202064780'


  Rendered /usr/local/rvm/gems/ruby-1.9.3-p194/gems/actionpack-3.2.13/lib/action_dispatch/middleware/templates/rescues/routing_error.erb within rescues/layout (0.7ms)


Started GET "/" for 127.0.0.1 at 2013-10-06 12:57:26 -0700
Processing by HomeController#index as HTML
  Rendered home/index.html.erb within layouts/application (0.9ms)
Completed 500 Internal Server Error in 5ms

ActionController::RoutingError (No route matches {:action=>"show", :controller=>"users"}):
  app/views/home/index.html.erb:4:in `_app_views_home_index_html_erb___3271450147960064411_70205202064780'


  Rendered /usr/local/rvm/gems/ruby-1.9.3-p194/gems/actionpack-3.2.13/lib/action_dispatch/middleware/templates/rescues/routing_error.erb within rescues/layout (0.8ms)


Started GET "/" for 127.0.0.1 at 2013-10-06 12:57:27 -0700
Processing by HomeController#index as HTML
  Rendered home/index.html.erb within layouts/application (0.8ms)
Completed 500 Internal Server Error in 3ms

ActionController::RoutingError (No route matches {:action=>"show", :controller=>"users"}):
  app/views/home/index.html.erb:4:in `_app_views_home_index_html_erb___3271450147960064411_70205202064780'


  Rendered /usr/local/rvm/gems/ruby-1.9.3-p194/gems/actionpack-3.2.13/lib/action_dispatch/middleware/templates/rescues/routing_error.erb within rescues/layout (0.9ms)


Started GET "/messages" for 127.0.0.1 at 2013-10-06 12:57:31 -0700

ActionController::RoutingError (No route matches [GET] "/messages"):
  actionpack (3.2.13) lib/action_dispatch/middleware/debug_exceptions.rb:21:in `call'
  actionpack (3.2.13) lib/action_dispatch/middleware/show_exceptions.rb:56:in `call'
  railties (3.2.13) lib/rails/rack/logger.rb:32:in `call_app'
  railties (3.2.13) lib/rails/rack/logger.rb:16:in `block in call'
  activesupport (3.2.13) lib/active_support/tagged_logging.rb:22:in `tagged'
  railties (3.2.13) lib/rails/rack/logger.rb:16:in `call'
  actionpack (3.2.13) lib/action_dispatch/middleware/request_id.rb:22:in `call'
  rack (1.4.5) lib/rack/methodoverride.rb:21:in `call'
  rack (1.4.5) lib/rack/runtime.rb:17:in `call'
  activesupport (3.2.13) lib/active_support/cache/strategy/local_cache.rb:72:in `call'
  rack (1.4.5) lib/rack/lock.rb:15:in `call'
  actionpack (3.2.13) lib/action_dispatch/middleware/static.rb:63:in `call'
  railties (3.2.13) lib/rails/engine.rb:479:in `call'
  railties (3.2.13) lib/rails/application.rb:223:in `call'
  rack (1.4.5) lib/rack/content_length.rb:14:in `call'
  railties (3.2.13) lib/rails/rack/log_tailer.rb:17:in `call'
  rack (1.4.5) lib/rack/handler/webrick.rb:59:in `service'
  /usr/local/rvm/rubies/ruby-1.9.3-p194/lib/ruby/1.9.1/webrick/httpserver.rb:138:in `service'
  /usr/local/rvm/rubies/ruby-1.9.3-p194/lib/ruby/1.9.1/webrick/httpserver.rb:94:in `run'
  /usr/local/rvm/rubies/ruby-1.9.3-p194/lib/ruby/1.9.1/webrick/server.rb:191:in `block in start_thread'


  Rendered /usr/local/rvm/gems/ruby-1.9.3-p194/gems/actionpack-3.2.13/lib/action_dispatch/middleware/templates/rescues/routing_error.erb within rescues/layout (1.1ms)


Started GET "/" for 127.0.0.1 at 2013-10-06 12:57:33 -0700
Processing by HomeController#index as HTML
  Rendered home/index.html.erb within layouts/application (1.4ms)
Completed 500 Internal Server Error in 4ms

ActionController::RoutingError (No route matches {:action=>"show", :controller=>"users"}):
  app/views/home/index.html.erb:4:in `_app_views_home_index_html_erb___3271450147960064411_70205202064780'


  Rendered /usr/local/rvm/gems/ruby-1.9.3-p194/gems/actionpack-3.2.13/lib/action_dispatch/middleware/templates/rescues/routing_error.erb within rescues/layout (0.9ms)


Started GET "/" for 127.0.0.1 at 2013-10-06 12:58:09 -0700
Processing by HomeController#index as HTML
  Rendered home/index.html.erb within layouts/application (2.9ms)
Completed 500 Internal Server Error in 6ms

ActionController::RoutingError (No route matches {:action=>"show", :controller=>"users"}):
  app/views/home/index.html.erb:4:in `_app_views_home_index_html_erb___3271450147960064411_70205171878080'


  Rendered /usr/local/rvm/gems/ruby-1.9.3-p194/gems/actionpack-3.2.13/lib/action_dispatch/middleware/templates/rescues/routing_error.erb within rescues/layout (1.1ms)


Started GET "/" for 127.0.0.1 at 2013-10-06 12:58:10 -0700
Processing by HomeController#index as HTML
  Rendered home/index.html.erb within layouts/application (1.5ms)
Completed 500 Internal Server Error in 4ms

ActionController::RoutingError (No route matches {:action=>"show", :controller=>"users"}):
  app/views/home/index.html.erb:4:in `_app_views_home_index_html_erb___3271450147960064411_70205171878080'


  Rendered /usr/local/rvm/gems/ruby-1.9.3-p194/gems/actionpack-3.2.13/lib/action_dispatch/middleware/templates/rescues/routing_error.erb within rescues/layout (1.4ms)


Started GET "/" for 127.0.0.1 at 2013-10-06 12:58:17 -0700
Processing by HomeController#index as HTML
  Rendered home/index.html.erb within layouts/application (1.4ms)
Completed 500 Internal Server Error in 3ms

ActionView::Template::Error (undefined method `model_name' for NilClass:Class):
    1: <h1>Caitlin's Tax App</h1>
    2: 
    3: <p>Sign in!</p>
    4: <%= form_for @user do |f| %>
    5:   <% if flash[:errors] %>
    6:     <p><%= flash[:errors] %></p>
    7:   <% end %>
  app/views/home/index.html.erb:4:in `_app_views_home_index_html_erb___3271450147960064411_70205182410500'


  Rendered /usr/local/rvm/gems/ruby-1.9.3-p194/gems/actionpack-3.2.13/lib/action_dispatch/middleware/templates/rescues/_trace.erb (2.4ms)
  Rendered /usr/local/rvm/gems/ruby-1.9.3-p194/gems/actionpack-3.2.13/lib/action_dispatch/middleware/templates/rescues/_request_and_response.erb (1.2ms)
  Rendered /usr/local/rvm/gems/ruby-1.9.3-p194/gems/actionpack-3.2.13/lib/action_dispatch/middleware/templates/rescues/template_error.erb within rescues/layout (12.5ms)


Started GET "/" for 127.0.0.1 at 2013-10-06 12:58:40 -0700
Processing by HomeController#index as HTML
  Rendered home/index.html.erb within layouts/application (0.8ms)
Completed 500 Internal Server Error in 3ms

ActionView::Template::Error (undefined method `model_name' for NilClass:Class):
    1: <h1>Caitlin's Tax App</h1>
    2: 
    3: <p>Sign in!</p>
    4: <%= form_for @user do |f| %>
    5:   <% if flash[:errors] %>
    6:     <p><%= flash[:errors] %></p>
    7:   <% end %>
  app/views/home/index.html.erb:4:in `_app_views_home_index_html_erb___3271450147960064411_70205182410500'


  Rendered /usr/local/rvm/gems/ruby-1.9.3-p194/gems/actionpack-3.2.13/lib/action_dispatch/middleware/templates/rescues/_trace.erb (2.7ms)
  Rendered /usr/local/rvm/gems/ruby-1.9.3-p194/gems/actionpack-3.2.13/lib/action_dispatch/middleware/templates/rescues/_request_and_response.erb (2.0ms)
  Rendered /usr/local/rvm/gems/ruby-1.9.3-p194/gems/actionpack-3.2.13/lib/action_dispatch/middleware/templates/rescues/template_error.erb within rescues/layout (14.1ms)


Started GET "/" for 127.0.0.1 at 2013-10-06 12:58:56 -0700
Processing by HomeController#index as HTML
  Rendered home/index.html.erb within layouts/application (0.7ms)
Completed 500 Internal Server Error in 4ms

ActionView::Template::Error (undefined method `model_name' for User:Class):
    1: <h1>Caitlin's Tax App</h1>
    2: 
    3: <p>Sign in!</p>
    4: <%= form_for @user do |f| %>
    5:   <% if flash[:errors] %>
    6:     <p><%= flash[:errors] %></p>
    7:   <% end %>
  app/views/home/index.html.erb:4:in `_app_views_home_index_html_erb___3271450147960064411_70205182410500'


  Rendered /usr/local/rvm/gems/ruby-1.9.3-p194/gems/actionpack-3.2.13/lib/action_dispatch/middleware/templates/rescues/_trace.erb (1.7ms)
  Rendered /usr/local/rvm/gems/ruby-1.9.3-p194/gems/actionpack-3.2.13/lib/action_dispatch/middleware/templates/rescues/_request_and_response.erb (1.4ms)
  Rendered /usr/local/rvm/gems/ruby-1.9.3-p194/gems/actionpack-3.2.13/lib/action_dispatch/middleware/templates/rescues/template_error.erb within rescues/layout (9.7ms)


Started GET "/" for 127.0.0.1 at 2013-10-06 13:02:14 -0700
Processing by SessionsController#new as HTML
  Rendered sessions/new.html.erb within layouts/application (1.6ms)
Completed 500 Internal Server Error in 5ms

ActionView::Template::Error (undefined method `model_name' for User:Class):
    1: <h1>Caitlin's Tax App</h1>
    2: 
    3: <p>Sign in!</p>
    4: <%= form_for @user do |f| %>
    5: 
    6:   <%= f.text_field :username, placeholder: "username" %>
    7:  
  app/views/sessions/new.html.erb:4:in `_app_views_sessions_new_html_erb___106176080263999092_70205202034620'


  Rendered /usr/local/rvm/gems/ruby-1.9.3-p194/gems/actionpack-3.2.13/lib/action_dispatch/middleware/templates/rescues/_trace.erb (1.9ms)
  Rendered /usr/local/rvm/gems/ruby-1.9.3-p194/gems/actionpack-3.2.13/lib/action_dispatch/middleware/templates/rescues/_request_and_response.erb (1.3ms)
  Rendered /usr/local/rvm/gems/ruby-1.9.3-p194/gems/actionpack-3.2.13/lib/action_dispatch/middleware/templates/rescues/template_error.erb within rescues/layout (13.1ms)
Connecting to database specified by database.yml
  [1m[36m (0.4ms)[0m  [1mSELECT "schema_migrations"."version" FROM "schema_migrations" [0m
Migrating to Users (20131006195204)
  [1m[35m (0.1ms)[0m  BEGIN
  [1m[36m (0.2ms)[0m  [1mROLLBACK[0m
Connecting to database specified by database.yml
  [1m[36m (0.5ms)[0m  [1mSELECT "schema_migrations"."version" FROM "schema_migrations" [0m
Migrating to Users (20131006195204)
  [1m[35m (0.2ms)[0m  BEGIN
  [1m[36m (0.5ms)[0m  [1mINSERT INTO "schema_migrations" ("version") VALUES ('20131006195204')[0m
  [1m[35m (0.3ms)[0m  COMMIT
  [1m[36m (0.3ms)[0m  [1mSELECT "schema_migrations"."version" FROM "schema_migrations" [0m


Started GET "/" for 127.0.0.1 at 2013-10-06 13:03:16 -0700
Processing by SessionsController#new as HTML
  Rendered sessions/new.html.erb within layouts/application (0.6ms)
Completed 500 Internal Server Error in 4ms

ActionView::Template::Error (undefined method `model_name' for User:Class):
    1: <h1>Caitlin's Tax App</h1>
    2: 
    3: <p>Sign in!</p>
    4: <%= form_for @user do |f| %>
    5: 
    6:   <%= f.text_field :username, placeholder: "username" %>
    7:  
  app/views/sessions/new.html.erb:4:in `_app_views_sessions_new_html_erb___106176080263999092_70205202034620'


  Rendered /usr/local/rvm/gems/ruby-1.9.3-p194/gems/actionpack-3.2.13/lib/action_dispatch/middleware/templates/rescues/_trace.erb (1.5ms)
  Rendered /usr/local/rvm/gems/ruby-1.9.3-p194/gems/actionpack-3.2.13/lib/action_dispatch/middleware/templates/rescues/_request_and_response.erb (1.9ms)
  Rendered /usr/local/rvm/gems/ruby-1.9.3-p194/gems/actionpack-3.2.13/lib/action_dispatch/middleware/templates/rescues/template_error.erb within rescues/layout (11.3ms)


Started GET "/" for 127.0.0.1 at 2013-10-06 13:03:17 -0700
Processing by SessionsController#new as HTML
  Rendered sessions/new.html.erb within layouts/application (1.2ms)
Completed 500 Internal Server Error in 4ms

ActionView::Template::Error (undefined method `model_name' for User:Class):
    1: <h1>Caitlin's Tax App</h1>
    2: 
    3: <p>Sign in!</p>
    4: <%= form_for @user do |f| %>
    5: 
    6:   <%= f.text_field :username, placeholder: "username" %>
    7:  
  app/views/sessions/new.html.erb:4:in `_app_views_sessions_new_html_erb___106176080263999092_70205202034620'


  Rendered /usr/local/rvm/gems/ruby-1.9.3-p194/gems/actionpack-3.2.13/lib/action_dispatch/middleware/templates/rescues/_trace.erb (1.6ms)
  Rendered /usr/local/rvm/gems/ruby-1.9.3-p194/gems/actionpack-3.2.13/lib/action_dispatch/middleware/templates/rescues/_request_and_response.erb (1.7ms)
  Rendered /usr/local/rvm/gems/ruby-1.9.3-p194/gems/actionpack-3.2.13/lib/action_dispatch/middleware/templates/rescues/template_error.erb within rescues/layout (11.7ms)


Started GET "/" for 127.0.0.1 at 2013-10-06 13:03:18 -0700
Processing by SessionsController#new as HTML
  Rendered sessions/new.html.erb within layouts/application (0.6ms)
Completed 500 Internal Server Error in 3ms

ActionView::Template::Error (undefined method `model_name' for User:Class):
    1: <h1>Caitlin's Tax App</h1>
    2: 
    3: <p>Sign in!</p>
    4: <%= form_for @user do |f| %>
    5: 
    6:   <%= f.text_field :username, placeholder: "username" %>
    7:  
  app/views/sessions/new.html.erb:4:in `_app_views_sessions_new_html_erb___106176080263999092_70205202034620'


  Rendered /usr/local/rvm/gems/ruby-1.9.3-p194/gems/actionpack-3.2.13/lib/action_dispatch/middleware/templates/rescues/_trace.erb (2.5ms)
  Rendered /usr/local/rvm/gems/ruby-1.9.3-p194/gems/actionpack-3.2.13/lib/action_dispatch/middleware/templates/rescues/_request_and_response.erb (1.6ms)
  Rendered /usr/local/rvm/gems/ruby-1.9.3-p194/gems/actionpack-3.2.13/lib/action_dispatch/middleware/templates/rescues/template_error.erb within rescues/layout (13.9ms)


Started GET "/" for 127.0.0.1 at 2013-10-06 13:03:23 -0700
Processing by SessionsController#new as HTML
  Rendered sessions/new.html.erb within layouts/application (0.8ms)
Completed 500 Internal Server Error in 3ms

ActionView::Template::Error (undefined method `model_name' for User:Class):
    1: <h1>Caitlin's Tax App</h1>
    2: 
    3: <p>Sign in!</p>
    4: <%= form_for @user do |f| %>
    5: 
    6:   <%= f.text_field :username, placeholder: "username" %>
    7:  
  app/views/sessions/new.html.erb:4:in `_app_views_sessions_new_html_erb___106176080263999092_70205202034620'


  Rendered /usr/local/rvm/gems/ruby-1.9.3-p194/gems/actionpack-3.2.13/lib/action_dispatch/middleware/templates/rescues/_trace.erb (2.5ms)
  Rendered /usr/local/rvm/gems/ruby-1.9.3-p194/gems/actionpack-3.2.13/lib/action_dispatch/middleware/templates/rescues/_request_and_response.erb (1.2ms)
  Rendered /usr/local/rvm/gems/ruby-1.9.3-p194/gems/actionpack-3.2.13/lib/action_dispatch/middleware/templates/rescues/template_error.erb within rescues/layout (13.0ms)
