Compiled jquery.js  (3ms)  (pid 59128)
Compiled jquery_ujs.js  (0ms)  (pid 59128)
Compiled bootstrap.js  (0ms)  (pid 59128)
Compiled bootstrap.min.js  (0ms)  (pid 59128)
Compiled application.js  (63ms)  (pid 59128)
Compiled bootstrap-responsive.css  (0ms)  (pid 59128)
Compiled bootstrap-responsive.min.css  (0ms)  (pid 59128)
Compiled bootstrap.css  (0ms)  (pid 59128)
Compiled bootstrap.min.css  (0ms)  (pid 59128)
Compiled application.css  (30ms)  (pid 59128)
Compiled jquery.js  (2ms)  (pid 59128)
Compiled jquery_ujs.js  (0ms)  (pid 59128)
Compiled bootstrap.js  (0ms)  (pid 59128)
Compiled bootstrap.min.js  (0ms)  (pid 59128)
Compiled application.js  (57ms)  (pid 59128)
Compiled bootstrap-responsive.css  (0ms)  (pid 59128)
Compiled bootstrap-responsive.min.css  (0ms)  (pid 59128)
Compiled bootstrap.css  (0ms)  (pid 59128)
Compiled bootstrap.min.css  (0ms)  (pid 59128)
Compiled application.css  (23ms)  (pid 59128)
Compiled jquery.js  (3ms)  (pid 54041)
Compiled jquery_ujs.js  (1ms)  (pid 54041)
Compiled twitter/bootstrap/bootstrap-transition.js  (1ms)  (pid 54041)
Compiled twitter/bootstrap/bootstrap-alert.js  (0ms)  (pid 54041)
Compiled twitter/bootstrap/bootstrap-modal.js  (0ms)  (pid 54041)
Compiled twitter/bootstrap/bootstrap-dropdown.js  (1ms)  (pid 54041)
Compiled twitter/bootstrap/bootstrap-scrollspy.js  (0ms)  (pid 54041)
Compiled twitter/bootstrap/bootstrap-tab.js  (0ms)  (pid 54041)
Compiled twitter/bootstrap/bootstrap-tooltip.js  (0ms)  (pid 54041)
Compiled twitter/bootstrap/bootstrap-popover.js  (0ms)  (pid 54041)
Compiled twitter/bootstrap/bootstrap-button.js  (0ms)  (pid 54041)
Compiled twitter/bootstrap/bootstrap-collapse.js  (0ms)  (pid 54041)
Compiled twitter/bootstrap/bootstrap-carousel.js  (0ms)  (pid 54041)
Compiled twitter/bootstrap/bootstrap-typeahead.js  (1ms)  (pid 54041)
Compiled twitter/bootstrap/bootstrap-affix.js  (0ms)  (pid 54041)
Compiled twitter/bootstrap.js  (264ms)  (pid 54041)
Compiled bootstrap.js  (4ms)  (pid 54041)
Compiled bootstrap.js  (87ms)  (pid 54041)
Compiled bootstrap.min.js  (0ms)  (pid 54041)
Compiled expense_categories.js  (2ms)  (pid 54041)
Compiled expense_items.js  (1ms)  (pid 54041)
Compiled expense_sources.js  (5ms)  (pid 54041)
Compiled income_categories.js  (1ms)  (pid 54041)
Compiled income_items.js  (1ms)  (pid 54041)
Compiled income_methods.js  (1ms)  (pid 54041)
Compiled application.js  (652ms)  (pid 54041)
Compiled bootstrap-responsive.css  (0ms)  (pid 54041)
Compiled bootstrap-responsive.min.css  (0ms)  (pid 54041)
Compiled bootstrap.css  (2ms)  (pid 54041)
Compiled bootstrap.min.css  (1ms)  (pid 54041)
Compiled bootstrap_and_overrides.css  (1322ms)  (pid 54041)
Compiled expense_categories.css  (122ms)  (pid 54041)
Compiled expense_items.css  (3ms)  (pid 54041)
Compiled expense_sources.css  (5ms)  (pid 54041)
Compiled income_categories.css  (4ms)  (pid 54041)
Compiled income_items.css  (3ms)  (pid 54041)
Compiled income_methods.css  (3ms)  (pid 54041)
Compiled scaffolds.css  (14ms)  (pid 54041)
Compiled application.css  (1808ms)  (pid 54041)
Compiled jquery.js  (4ms)  (pid 54041)
Compiled jquery_ujs.js  (0ms)  (pid 54041)
Compiled twitter/bootstrap/bootstrap-transition.js  (0ms)  (pid 54041)
Compiled twitter/bootstrap/bootstrap-alert.js  (0ms)  (pid 54041)
Compiled twitter/bootstrap/bootstrap-modal.js  (1ms)  (pid 54041)
Compiled twitter/bootstrap/bootstrap-dropdown.js  (0ms)  (pid 54041)
Compiled twitter/bootstrap/bootstrap-scrollspy.js  (0ms)  (pid 54041)
Compiled twitter/bootstrap/bootstrap-tab.js  (0ms)  (pid 54041)
Compiled twitter/bootstrap/bootstrap-tooltip.js  (0ms)  (pid 54041)
Compiled twitter/bootstrap/bootstrap-popover.js  (0ms)  (pid 54041)
Compiled twitter/bootstrap/bootstrap-button.js  (0ms)  (pid 54041)
Compiled twitter/bootstrap/bootstrap-collapse.js  (0ms)  (pid 54041)
Compiled twitter/bootstrap/bootstrap-carousel.js  (0ms)  (pid 54041)
Compiled twitter/bootstrap/bootstrap-typeahead.js  (1ms)  (pid 54041)
Compiled twitter/bootstrap/bootstrap-affix.js  (0ms)  (pid 54041)
Compiled twitter/bootstrap.js  (264ms)  (pid 54041)
Compiled bootstrap.js  (1ms)  (pid 54041)
Compiled bootstrap.js  (93ms)  (pid 54041)
Compiled bootstrap.min.js  (0ms)  (pid 54041)
Compiled expense_categories.js  (1ms)  (pid 54041)
Compiled expense_items.js  (1ms)  (pid 54041)
Compiled expense_sources.js  (1ms)  (pid 54041)
Compiled income_categories.js  (1ms)  (pid 54041)
Compiled income_items.js  (1ms)  (pid 54041)
Compiled income_methods.js  (3ms)  (pid 54041)
Compiled application.js  (532ms)  (pid 54041)
Compiled bootstrap-responsive.css  (0ms)  (pid 54041)
Compiled bootstrap-responsive.min.css  (0ms)  (pid 54041)
Compiled bootstrap.css  (2ms)  (pid 54041)
Compiled bootstrap.min.css  (1ms)  (pid 54041)
Compiled bootstrap_and_overrides.css  (911ms)  (pid 54041)
Compiled expense_categories.css  (67ms)  (pid 54041)
Compiled expense_items.css  (3ms)  (pid 54041)
Compiled expense_sources.css  (2ms)  (pid 54041)
Compiled income_categories.css  (4ms)  (pid 54041)
Compiled income_items.css  (4ms)  (pid 54041)
Compiled income_methods.css  (4ms)  (pid 54041)
Compiled scaffolds.css  (22ms)  (pid 54041)
Compiled application.css  (1162ms)  (pid 54041)
